TN:
SF:src/api.ts
FNF:8
FNH:8
DA:1,80
DA:15,76
DA:16,13
DA:17,84
DA:18,84
DA:19,68
DA:20,67
DA:21,10
DA:22,96
DA:23,53
DA:25,1
DA:31,1
DA:33,35
DA:34,100
DA:35,56
DA:36,90
DA:37,105
DA:40,10
DA:41,16
DA:42,12
DA:43,11
DA:44,10
DA:45,149
DA:46,46
DA:47,60
DA:48,12
DA:49,142
DA:50,74
DA:51,61
DA:52,102
DA:53,74
DA:54,9
DA:55,24
DA:56,22
DA:57,86
DA:58,19
DA:59,31
DA:60,10
DA:61,36
DA:62,11
DA:63,8
DA:64,7
DA:65,23
DA:67,68
DA:68,44
DA:69,55
DA:70,26
DA:71,67
DA:72,23
DA:75,9
DA:76,39
DA:77,61
DA:78,140
DA:79,13
DA:80,109
DA:81,9
DA:82,34
DA:85,27
DA:86,71
DA:88,40
DA:89,85
DA:91,39
DA:92,83
DA:94,30
DA:95,76
DA:97,2
LF:66
LH:66
end_of_record
TN:
SF:src/commands/policies.ts
FNF:44
FNH:44
DA:1,48
DA:3,58
DA:4,47
DA:5,71
DA:18,33
DA:19,11
DA:20,31
DA:21,29
DA:22,29
DA:23,23
DA:24,19
DA:25,27
DA:26,2
DA:38,34
DA:39,11
DA:40,31
DA:41,21
DA:42,19
DA:43,17
DA:44,2
DA:54,38
DA:55,11
DA:56,15
DA:57,31
DA:58,23
DA:59,2
DA:70,35
DA:71,11
DA:72,15
DA:73,29
DA:74,33
DA:75,25
DA:76,2
DA:86,37
DA:87,11
DA:88,23
DA:89,29
DA:90,13
DA:91,2
DA:93,18
DA:94,11
DA:95,20
DA:96,62
DA:97,16
DA:98,2
DA:99,2
DA:101,22
DA:102,9
DA:103,23
DA:104,29
DA:105,16
DA:106,2
DA:107,2
DA:109,6
DA:110,23
DA:111,3
DA:112,25
DA:115,30
DA:116,55
DA:117,24
DA:118,17
DA:119,55
DA:120,69
DA:122,5
DA:124,31
DA:125,61
DA:126,40
DA:127,17
DA:128,65
DA:129,70
DA:131,5
DA:133,31
DA:134,58
DA:135,42
DA:136,17
DA:137,42
DA:138,61
DA:139,70
DA:141,5
DA:143,34
DA:144,67
DA:145,58
DA:146,17
DA:147,42
DA:148,31
DA:149,28
DA:150,4
DA:151,8
DA:152,70
DA:154,5
DA:156,30
DA:157,68
DA:158,28
DA:159,17
DA:160,56
DA:161,39
DA:163,5
DA:166,38
DA:167,68
DA:168,40
DA:169,17
DA:170,32
DA:171,35
DA:172,8
DA:173,70
DA:175,5
DA:177,39
DA:178,63
DA:179,58
DA:180,17
DA:181,42
DA:182,32
DA:183,37
DA:184,4
DA:185,8
DA:186,71
DA:188,5
DA:190,42
DA:191,62
DA:192,16
DA:193,18
DA:194,20
DA:195,27
DA:196,34
DA:197,20
DA:198,11
DA:199,23
DA:200,11
DA:201,5
DA:202,17
DA:203,42
DA:204,31
DA:205,55
DA:206,4
DA:207,8
DA:208,71
DA:210,5
DA:212,38
DA:213,58
DA:214,16
DA:215,18
DA:216,20
DA:217,27
DA:218,34
DA:219,20
DA:220,5
DA:221,5
DA:222,17
DA:223,22
DA:224,53
DA:225,8
DA:226,46
DA:228,5
DA:230,44
DA:231,13
DA:232,23
DA:233,76
DA:234,6
DA:235,28
DA:236,17
DA:237,35
DA:240,52
DA:241,14
DA:242,36
DA:243,53
DA:244,10
DA:246,5
DA:248,36
DA:249,70
DA:250,20
DA:251,21
DA:252,23
DA:253,29
DA:254,21
DA:255,30
DA:256,3
DA:257,5
DA:260,43
DA:261,73
DA:262,40
DA:263,17
DA:264,32
DA:265,40
DA:266,8
DA:267,74
DA:269,5
DA:271,41
DA:272,71
DA:273,38
DA:274,5
DA:277,38
DA:278,74
DA:279,40
DA:280,17
DA:281,32
DA:282,41
DA:283,8
DA:284,71
DA:286,5
DA:288,39
DA:289,62
DA:290,16
DA:291,18
DA:292,17
DA:293,27
DA:294,40
DA:295,20
DA:296,11
DA:297,11
DA:298,5
DA:299,17
DA:300,31
DA:301,56
DA:302,8
DA:303,72
DA:305,5
DA:307,39
DA:308,62
DA:309,58
DA:310,17
DA:311,42
DA:312,32
DA:313,43
DA:314,4
DA:315,8
DA:316,72
DA:318,5
DA:320,42
DA:321,68
DA:322,16
DA:323,18
DA:324,17
DA:325,27
DA:326,40
DA:327,20
DA:328,11
DA:329,23
DA:330,11
DA:331,5
DA:332,17
DA:333,42
DA:334,31
DA:335,58
DA:336,4
DA:337,8
DA:338,72
DA:340,5
DA:342,38
DA:343,64
DA:344,16
DA:345,18
DA:346,17
DA:347,27
DA:348,40
DA:349,20
DA:350,5
DA:351,5
DA:352,17
DA:353,22
DA:354,56
DA:355,8
DA:356,43
DA:358,5
DA:360,41
DA:361,75
DA:362,20
DA:363,21
DA:364,23
DA:365,23
DA:366,29
DA:367,18
DA:368,3
DA:369,5
DA:372,41
DA:373,71
DA:374,40
DA:375,17
DA:376,32
DA:377,38
DA:378,8
DA:379,73
DA:381,5
DA:383,42
DA:384,66
DA:385,16
DA:386,18
DA:387,23
DA:388,27
DA:389,37
DA:390,20
DA:391,11
DA:392,11
DA:393,5
DA:394,17
DA:395,31
DA:396,59
DA:397,8
DA:398,74
DA:400,5
DA:402,41
DA:403,62
DA:404,16
DA:405,18
DA:406,23
DA:407,27
DA:408,37
DA:409,20
DA:410,5
DA:411,5
DA:412,17
DA:413,22
DA:414,59
DA:415,8
DA:416,49
DA:418,5
DA:420,39
DA:421,69
DA:422,20
DA:423,24
DA:424,26
DA:425,21
DA:426,3
DA:427,5
DA:429,26
DA:430,73
DA:431,20
DA:432,9
DA:433,10
DA:434,10
DA:435,13
DA:436,9
DA:437,15
DA:438,20
DA:439,38
DA:440,15
DA:441,3
DA:442,3
DA:445,54
LF:338
LH:338
end_of_record
TN:
SF:src/commands/readonly.ts
FNF:7
FNH:7
DA:1,48
DA:3,36
DA:4,47
DA:6,32
DA:7,25
DA:9,36
DA:10,13
DA:11,23
DA:12,13
DA:13,80
DA:14,6
DA:15,13
DA:16,15
DA:17,23
DA:18,55
DA:19,23
DA:20,8
DA:21,13
DA:22,23
DA:23,69
DA:24,5
DA:25,5
DA:26,17
DA:27,41
DA:28,64
DA:29,58
DA:30,35
DA:31,56
DA:32,38
DA:34,5
DA:36,36
DA:37,13
DA:38,23
DA:39,58
DA:40,5
DA:41,9
DA:42,57
DA:44,5
DA:46,37
DA:47,13
DA:48,24
DA:49,64
DA:50,5
DA:51,9
DA:52,50
DA:54,5
DA:56,41
DA:59,42
DA:60,49
DA:61,49
DA:62,50
LF:51
LH:51
end_of_record
TN:
SF:src/config.ts
FNF:6
FNH:6
DA:1,34
DA:2,33
DA:3,48
DA:20,61
DA:21,59
DA:23,11
DA:24,44
DA:27,28
DA:28,67
DA:31,6
DA:32,19
DA:33,3
DA:34,57
DA:37,6
DA:38,8
DA:39,19
DA:40,3
DA:41,69
DA:44,6
DA:45,8
DA:46,19
DA:47,3
DA:48,75
DA:51,6
DA:52,8
DA:53,19
DA:54,3
DA:55,50
LF:28
LH:28
end_of_record
TN:
SF:src/lib/client.ts
FNF:1
FNH:1
DA:1,38
DA:2,73
DA:3,41
DA:9,28
DA:10,35
DA:11,44
DA:12,42
DA:13,16
DA:14,55
DA:15,2
DA:16,39
LF:11
LH:11
end_of_record
TN:
SF:src/lib/crud.ts
FNF:12
FNH:12
DA:1,48
DA:3,58
DA:4,42
DA:5,66
DA:23,18
DA:24,11
DA:25,20
DA:26,66
DA:27,16
DA:28,2
DA:29,2
DA:31,16
DA:32,9
DA:33,23
DA:34,29
DA:35,16
DA:36,2
DA:37,2
DA:39,6
DA:40,5
DA:41,3
DA:42,56
DA:44,30
DA:45,58
DA:46,24
DA:47,17
DA:48,55
DA:49,70
DA:51,5
DA:53,31
DA:54,68
DA:55,34
DA:56,17
DA:57,70
DA:58,71
DA:60,5
DA:62,31
DA:63,67
DA:64,42
DA:65,17
DA:66,42
DA:67,62
DA:68,72
DA:70,5
DA:72,34
DA:73,72
DA:74,52
DA:75,17
DA:76,42
DA:77,35
DA:78,30
DA:79,4
DA:80,8
DA:81,72
DA:83,5
DA:85,30
DA:86,68
DA:87,22
DA:88,17
DA:89,58
DA:90,39
DA:92,5
DA:94,26
DA:95,59
DA:96,43
DA:97,2
LF:66
LH:66
end_of_record
TN:
SF:src/lib/json-input.ts
FNF:4
FNH:3
DA:1,39
DA:2,41
DA:13,15
DA:14,27
DA:15,57
DA:16,36
DA:17,2
DA:18,33
DA:19,53
DA:20,12
DA:21,46
DA:22,61
DA:23,2
DA:24,25
DA:25,0
DA:26,0
DA:27,2
DA:28,7
DA:31,15
DA:32,35
DA:33,28
DA:34,10
DA:35,92
DA:36,4
DA:37,2
DA:38,11
DA:41,17
DA:42,9
DA:43,23
DA:44,17
DA:45,56
DA:49,0
DA:50,0
DA:51,0
DA:52,0
DA:53,0
DA:54,1
DA:61,31
DA:62,11
DA:63,19
DA:64,36
DA:65,4
DA:66,18
DA:67,19
DA:68,54
DA:69,2
DA:70,1
LF:47
LH:40
end_of_record
TN:
SF:src/output.ts
FNF:4
FNH:4
DA:20,16
DA:21,51
DA:24,6
DA:25,8
DA:26,11
DA:27,6
DA:28,3
DA:29,44
DA:32,6
DA:33,9
DA:34,11
DA:35,6
DA:36,3
DA:37,50
DA:40,26
DA:41,48
DA:42,53
DA:43,53
DA:44,17
LF:19
LH:19
end_of_record
